0 info it worked if it ends with ok
1 verbose cli [ '/Users/andrewgarvin/.nvm/versions/node/v6.9.1/bin/node',
1 verbose cli   '/Users/andrewgarvin/.nvm/versions/node/v6.9.1/bin/npm',
1 verbose cli   'run',
1 verbose cli   'test' ]
2 info using npm@3.10.8
3 info using node@v6.9.1
4 verbose run-script [ 'pretest', 'test', 'posttest' ]
5 info lifecycle chrono-node@1.3.10~pretest: chrono-node@1.3.10
6 silly lifecycle chrono-node@1.3.10~pretest: no script for pretest, continuing
7 info lifecycle chrono-node@1.3.10~test: chrono-node@1.3.10
8 verbose lifecycle chrono-node@1.3.10~test: unsafe-perm in lifecycle true
9 verbose lifecycle chrono-node@1.3.10~test: PATH: /Users/andrewgarvin/.nvm/versions/node/v6.9.1/lib/node_modules/npm/bin/node-gyp-bin:/Users/andrewgarvin/projects/forked_projects/chrono/node_modules/.bin:/Users/andrewgarvin/.nvm/versions/node/v6.9.1/bin:/usr/local/bin:/usr/local/sbin:/usr/local/bin:/usr/bin:/bin:/usr/sbin:/sbin:/usr/local/mysql/bin:/opt/local/bin
10 verbose lifecycle chrono-node@1.3.10~test: CWD: /Users/andrewgarvin/projects/forked_projects/chrono
11 silly lifecycle chrono-node@1.3.10~test: Args: [ '-c', 'jest --coverage && nsp check' ]
12 silly lifecycle chrono-node@1.3.10~test: Returned: code: 1  signal: null
13 info lifecycle chrono-node@1.3.10~test: Failed to exec test script
14 verbose stack Error: chrono-node@1.3.10 test: `jest --coverage && nsp check`
14 verbose stack Exit status 1
14 verbose stack     at EventEmitter.<anonymous> (/Users/andrewgarvin/.nvm/versions/node/v6.9.1/lib/node_modules/npm/lib/utils/lifecycle.js:255:16)
14 verbose stack     at emitTwo (events.js:106:13)
14 verbose stack     at EventEmitter.emit (events.js:191:7)
14 verbose stack     at ChildProcess.<anonymous> (/Users/andrewgarvin/.nvm/versions/node/v6.9.1/lib/node_modules/npm/lib/utils/spawn.js:40:14)
14 verbose stack     at emitTwo (events.js:106:13)
14 verbose stack     at ChildProcess.emit (events.js:191:7)
14 verbose stack     at maybeClose (internal/child_process.js:877:16)
14 verbose stack     at Process.ChildProcess._handle.onexit (internal/child_process.js:226:5)
15 verbose pkgid chrono-node@1.3.10
16 verbose cwd /Users/andrewgarvin/projects/forked_projects/chrono
17 error Darwin 16.7.0
18 error argv "/Users/andrewgarvin/.nvm/versions/node/v6.9.1/bin/node" "/Users/andrewgarvin/.nvm/versions/node/v6.9.1/bin/npm" "run" "test"
19 error node v6.9.1
20 error npm  v3.10.8
21 error code ELIFECYCLE
22 error chrono-node@1.3.10 test: `jest --coverage && nsp check`
22 error Exit status 1
23 error Failed at the chrono-node@1.3.10 test script 'jest --coverage && nsp check'.
23 error Make sure you have the latest version of node.js and npm installed.
23 error If you do, this is most likely a problem with the chrono-node package,
23 error not with npm itself.
23 error Tell the author that this fails on your system:
23 error     jest --coverage && nsp check
23 error You can get information on how to open an issue for this project with:
23 error     npm bugs chrono-node
23 error Or if that isn't available, you can get their info via:
23 error     npm owner ls chrono-node
23 error There is likely additional logging output above.
24 verbose exit [ 1, true ]
